D:\Others\TestProject\DutchTreat\DutchTreat\DutchTreat\wwwroot\clientapp\out-tsc\ClientApp\app\shop\shop.component.js
D:\Others\TestProject\DutchTreat\DutchTreat\DutchTreat\wwwroot\clientapp\out-tsc\ClientApp\app\shop\shop.component.js.map
D:\Others\TestProject\DutchTreat\DutchTreat\DutchTreat\wwwroot\clientapp\out-tsc\ClientApp\app\shared\Products.js
D:\Others\TestProject\DutchTreat\DutchTreat\DutchTreat\wwwroot\clientapp\out-tsc\ClientApp\app\shared\Products.js.map
D:\Others\TestProject\DutchTreat\DutchTreat\DutchTreat\wwwroot\clientapp\out-tsc\ClientApp\app\shared\Order.js
D:\Others\TestProject\DutchTreat\DutchTreat\DutchTreat\wwwroot\clientapp\out-tsc\ClientApp\app\shared\Order.js.map
D:\Others\TestProject\DutchTreat\DutchTreat\DutchTreat\wwwroot\clientapp\out-tsc\ClientApp\app\shared\dataService.js
D:\Others\TestProject\DutchTreat\DutchTreat\DutchTreat\wwwroot\clientapp\out-tsc\ClientApp\app\shared\dataService.js.map
D:\Others\TestProject\DutchTreat\DutchTreat\DutchTreat\wwwroot\clientapp\out-tsc\ClientApp\app\Checkout\checkout.component.js
D:\Others\TestProject\DutchTreat\DutchTreat\DutchTreat\wwwroot\clientapp\out-tsc\ClientApp\app\Checkout\checkout.component.js.map
D:\Others\TestProject\DutchTreat\DutchTreat\DutchTreat\wwwroot\clientapp\out-tsc\ClientApp\app\login\login.component.js
D:\Others\TestProject\DutchTreat\DutchTreat\DutchTreat\wwwroot\clientapp\out-tsc\ClientApp\app\login\login.component.js.map
D:\Others\TestProject\DutchTreat\DutchTreat\DutchTreat\wwwroot\clientapp\out-tsc\ClientApp\app\app-routing.module.js
D:\Others\TestProject\DutchTreat\DutchTreat\DutchTreat\wwwroot\clientapp\out-tsc\ClientApp\app\app-routing.module.js.map
D:\Others\TestProject\DutchTreat\DutchTreat\DutchTreat\wwwroot\clientapp\out-tsc\ClientApp\app\app.component.js
D:\Others\TestProject\DutchTreat\DutchTreat\DutchTreat\wwwroot\clientapp\out-tsc\ClientApp\app\app.component.js.map
D:\Others\TestProject\DutchTreat\DutchTreat\DutchTreat\wwwroot\clientapp\out-tsc\ClientApp\app\shop\productList.component.js
D:\Others\TestProject\DutchTreat\DutchTreat\DutchTreat\wwwroot\clientapp\out-tsc\ClientApp\app\shop\productList.component.js.map
D:\Others\TestProject\DutchTreat\DutchTreat\DutchTreat\wwwroot\clientapp\out-tsc\ClientApp\app\shop\cart.component.js
D:\Others\TestProject\DutchTreat\DutchTreat\DutchTreat\wwwroot\clientapp\out-tsc\ClientApp\app\shop\cart.component.js.map
D:\Others\TestProject\DutchTreat\DutchTreat\DutchTreat\wwwroot\clientapp\out-tsc\ClientApp\app\app.module.js
D:\Others\TestProject\DutchTreat\DutchTreat\DutchTreat\wwwroot\clientapp\out-tsc\ClientApp\app\app.module.js.map
D:\Others\TestProject\DutchTreat\DutchTreat\DutchTreat\wwwroot\clientapp\out-tsc\ClientApp\environments\environment.js
D:\Others\TestProject\DutchTreat\DutchTreat\DutchTreat\wwwroot\clientapp\out-tsc\ClientApp\environments\environment.js.map
D:\Others\TestProject\DutchTreat\DutchTreat\DutchTreat\wwwroot\clientapp\out-tsc\ClientApp\main.js
D:\Others\TestProject\DutchTreat\DutchTreat\DutchTreat\wwwroot\clientapp\out-tsc\ClientApp\main.js.map
D:\Others\TestProject\DutchTreat\DutchTreat\DutchTreat\wwwroot\clientapp\out-tsc\ClientApp\polyfills.js
D:\Others\TestProject\DutchTreat\DutchTreat\DutchTreat\wwwroot\clientapp\out-tsc\ClientApp\polyfills.js.map
D:\Others\TestProject\DutchTreat\DutchTreat\DutchTreat\wwwroot\clientapp\out-tsc\ClientApp\environments\environment.prod.js
D:\Others\TestProject\DutchTreat\DutchTreat\DutchTreat\wwwroot\clientapp\out-tsc\ClientApp\environments\environment.prod.js.map
D:\Others\TestProject\DutchTreat\DutchTreat\DutchTreat\wwwroot\clientapp\out-tsc\wwwroot\ts\StoreUser.js
D:\Others\TestProject\DutchTreat\DutchTreat\DutchTreat\wwwroot\clientapp\out-tsc\wwwroot\ts\StoreUser.js.map
D:\Others\TestProject\DutchTreat\DutchTreat\DutchTreat\wwwroot\clientapp\out-tsc\wwwroot\ts\main.js
D:\Others\TestProject\DutchTreat\DutchTreat\DutchTreat\wwwroot\clientapp\out-tsc\wwwroot\ts\main.js.map
